<?xml version="1.0" encoding="utf-8"?><testsuites><testsuite name="pytest" errors="0" failures="0" skipped="0" tests="52" time="89.550" timestamp="2026-04-21T10:06:50.566005-05:00" hostname="Opportunity"><testcase classname="tests.test_pending_critical_cases" name="test_auth_005_login_with_nonexistent_user_fails" time="0.068" /><testcase classname="tests.test_pending_critical_cases" name="test_auth_006_inactive_user_cannot_login" time="1.449" /><testcase classname="tests.test_pending_critical_cases" name="test_auth_011_remember_session_keys_exist_in_frontend_source" time="0.002" /><testcase classname="tests.test_pending_critical_cases" name="test_role_001_operario_movimientos_cannot_post_chequeos" time="1.748" /><testcase classname="tests.test_pending_critical_cases" name="test_role_001_operario_movimientos_cannot_get_chequeos" time="1.783" /><testcase classname="tests.test_pending_critical_cases" name="test_role_002_operario_chequeo_cannot_post_movimientos" time="1.756" /><testcase classname="tests.test_pending_critical_cases" name="test_role_003_non_admin_cannot_access_vehiculos_crud" time="1.794" /><testcase classname="tests.test_pending_critical_cases" name="test_role_004_non_admin_cannot_access_conductores_crud" time="1.778" /><testcase classname="tests.test_pending_critical_cases" name="test_role_005_non_admin_cannot_access_usuarios_crud" time="1.804" /><testcase classname="tests.test_pending_critical_cases" name="test_mov_002_required_fields_validation" time="1.787" /><testcase classname="tests.test_pending_critical_cases" name="test_mov_003_invalid_vehiculo_rejected" time="1.777" /><testcase classname="tests.test_pending_critical_cases" name="test_mov_005_km_cannot_go_below_last_record" time="1.861" /><testcase classname="tests.test_pending_critical_cases" name="test_mov_006_history_filters_by_tipo" time="1.813" /><testcase classname="tests.test_pending_critical_cases" name="test_chk_001_can_create_chequeo_header" time="1.848" /><testcase classname="tests.test_pending_critical_cases" name="test_chk_002_can_create_complete_chequeo_items" time="1.869" /><testcase classname="tests.test_pending_critical_cases" name="test_chk_003_rejects_incomplete_chequeo_items" time="1.813" /><testcase classname="tests.test_pending_critical_cases" name="test_chk_004_list_chequeos_with_filters" time="2.213" /><testcase classname="tests.test_pending_critical_cases" name="test_cat_001_admin_vehiculos_crud_and_uniqueness" time="1.846" /><testcase classname="tests.test_pending_critical_cases" name="test_cat_002_admin_conductores_crud_and_uniqueness" time="1.808" /><testcase classname="tests.test_pending_critical_cases" name="test_cat_003_admin_usuarios_crud_uniqueness_and_password_hash" time="3.311" /><testcase classname="tests.test_pending_critical_cases" name="test_data_001_conductor_cannot_authenticate_as_user" time="0.030" /><testcase classname="tests.test_pending_critical_cases" name="test_data_002_movimientos_y_chequeos_are_independent" time="1.828" /><testcase classname="tests.test_pending_critical_cases" name="test_data_003_soft_delete_preserves_movimiento_history" time="1.828" /><testcase classname="tests.test_pending_critical_cases" name="test_sec_005_xss_payload_is_stored_as_plain_text_in_api" time="1.838" /><testcase classname="tests.test_pending_critical_cases" name="test_sec_006_id_tampering_is_denied_for_other_owners" time="1.810" /><testcase classname="tests.test_pending_critical_cases" name="test_sec_007_inactivated_user_token_is_denied" time="1.867" /><testcase classname="tests.test_pending_critical_cases" name="test_sec_008_rate_limit_blocks_repeated_failed_logins" time="0.057" /><testcase classname="tests.test_pending_critical_cases" name="test_sec_009_docs_and_debug_routes_are_not_exposed" time="0.031" /><testcase classname="tests.test_pending_critical_cases" name="test_sec_010_sqlite_file_is_not_served_over_http" time="0.037" /><testcase classname="tests.test_pending_critical_cases" name="test_sec_011_frontend_redirect_logic_without_session_exists" time="0.006" /><testcase classname="tests.test_pending_critical_cases" name="test_sec_012_validation_error_does_not_expose_traceback" time="2.054" /><testcase classname="tests.test_pending_critical_cases" name="test_perf_001_ten_logins_under_global_time_budget" time="5.103" /><testcase classname="tests.test_pending_critical_cases" name="test_perf_002_single_movimiento_create_is_fast" time="1.806" /><testcase classname="tests.test_pending_critical_cases" name="test_perf_003_full_chequeo_registration_is_fast" time="1.878" /><testcase classname="tests.test_pending_critical_cases" name="test_perf_004_filtered_history_query_is_fast" time="1.866" /><testcase classname="tests.test_pending_critical_cases" name="test_perf_006_one_tx_per_second_without_data_loss" time="4.909" /><testcase classname="tests.test_pending_critical_cases" name="test_rep_001_and_rep_002_exports_use_filtered_data_in_frontend_source" time="0.001" /><testcase classname="tests.test_security_and_api" name="test_public_health_endpoints" time="1.485" /><testcase classname="tests.test_security_and_api" name="test_unknown_route_returns_404" time="1.493" /><testcase classname="tests.test_security_and_api" name="test_protected_routes_require_authentication" time="1.663" /><testcase classname="tests.test_security_and_api" name="test_login_and_me_returns_authenticated_user" time="2.409" /><testcase classname="tests.test_security_and_api" name="test_login_with_invalid_credentials_fails" time="2.267" /><testcase classname="tests.test_security_and_api" name="test_corrupted_jwt_is_rejected" time="2.142" /><testcase classname="tests.test_security_and_api" name="test_malformed_jwt_is_rejected" time="1.561" /><testcase classname="tests.test_security_and_api" name="test_expired_jwt_is_rejected" time="1.588" /><testcase classname="tests.test_security_and_api" name="test_logout_revokes_token" time="1.837" /><testcase classname="tests.test_security_and_api" name="test_role_restriction_non_admin_cannot_access_admin_routes" time="1.867" /><testcase classname="tests.test_security_and_api" name="test_admin_can_access_dashboard_and_users" time="1.930" /><testcase classname="tests.test_security_and_api" name="test_operario_chequeo_cannot_access_movimientos" time="1.839" /><testcase classname="tests.test_security_and_api" name="test_operario_movimientos_only_sees_own_history" time="2.203" /><testcase classname="tests.test_security_and_api" name="test_can_create_and_fetch_movimiento_with_valid_jwt" time="1.945" /><testcase classname="tests.test_security_and_api" name="test_sql_injection_payload_in_search_does_not_break_selectores" time="2.129" /></testsuite></testsuites>